2024-8-4 20:03:04 - verbose: Arguments:
2024-8-4 20:03:04 - verbose:   C:\ProgramData\cocos\editors\Creator\3.7.2\CocosCreator.exe: true
2024-8-4 20:03:04 - verbose:   project: C:\D-Disk\cocos project\ScrollTest
2024-8-4 20:03:04 - verbose:   can-show-upgrade-dialog: true
2024-8-4 20:03:04 - verbose:   dev: false
2024-8-4 20:03:04 - verbose:   home: C:\Users\zhaoz\.CocosCreator
2024-8-4 20:03:04 - verbose:  
2024-8-4 20:03:08 - verbose: [Package] menu@1.0.0 enable
2024-8-4 20:03:08 - verbose: [Package] profile@1.0.0 enable
2024-8-4 20:03:08 - verbose: [Package] project@1.0.4 enable
2024-8-4 20:03:08 - verbose: [Package] messages@1.0.0 enable
2024-8-4 20:03:08 - verbose: [Package] program@1.0.3 enable
2024-8-4 20:03:08 - verbose: [Package] tester@1.0.0 enable
2024-8-4 20:03:08 - verbose: [Package] information@1.0.0 enable
2024-8-4 20:03:08 - verbose: [Package] preferences@1.0.0 enable
2024-8-4 20:03:10 - log: Load engine in C:\ProgramData\cocos\editors\Creator\3.7.2\resources\resources\3d\engine
2024-8-4 20:03:10 - log: Register native engine in C:\ProgramData\cocos\editors\Creator\3.7.2\resources\resources\3d\engine\native
2024-8-4 20:03:10 - verbose: [Package] engine@1.0.7 enable
2024-8-4 20:03:11 - verbose: [Package] programming@1.0.0 enable
2024-8-4 20:03:11 - verbose: [Package] device@1.0.1 enable
2024-8-4 20:03:11 - verbose: [Package] ui-kit@1.0.1 enable
2024-8-4 20:03:11 - verbose: [Package] asset-db@1.0.0 enable
2024-8-4 20:03:11 - verbose: [Package] scene@1.0.0 enable
2024-8-4 20:03:11 - verbose: [Package] server@1.0.0 enable
2024-8-4 20:03:12 - verbose: [Package] utils@1.0.0 enable
2024-8-4 20:03:15 - verbose: [Package] preview@1.0.1 enable
2024-8-4 20:03:15 - verbose: [Package] animator@1.0.0 enable
2024-8-4 20:03:15 - verbose: [Build-plugin] register pkg scene: 1ms
2024-8-4 20:03:15 - verbose: Builder PluginManager init: 1ms
2024-8-4 20:03:15 - verbose: [Package] builder@1.3.4 enable
2024-8-4 20:03:16 - verbose: [Package] shortcuts@1.0.1 enable
2024-8-4 20:03:16 - verbose: [Package] animation-graph@1.0.0 enable
2024-8-4 20:03:16 - verbose: [Package] about@1.0.0 enable
2024-8-4 20:03:16 - verbose: [Package] assets@1.0.0 enable
2024-8-4 20:03:16 - verbose: [Package] console@1.0.0 enable
2024-8-4 20:03:16 - verbose: [Package] crash-reporter@1.0.0 enable
2024-8-4 20:03:16 - verbose: [Package] extension@3.1.1 enable
2024-8-4 20:03:16 - verbose: [Package] hierarchy@1.0.0 enable
2024-8-4 20:03:16 - verbose: [Package] inspector@1.0.0 enable
2024-8-4 20:03:16 - verbose: [Package] light-probe@1.0.4 enable
2024-8-4 20:03:16 - verbose: [Package] lightmap@1.0.4 enable
2024-8-4 20:03:16 - verbose: [Package] node-library@1.0.1 enable
2024-8-4 20:03:16 - verbose: [Package] package-asset@1.0.1 enable
2024-8-4 20:03:16 - verbose: [Package] process@1.0.0 enable
2024-8-4 20:03:16 - verbose: [Package] reference-image@1.0.0 enable
2024-8-4 20:03:16 - verbose: [Package] reflection-probe@1.0.4 enable
2024-8-4 20:03:16 - verbose: [Package] engine-extends@1.0.0 enable
2024-8-4 20:03:16 - verbose: [Package] alipay-mini-game@1.0.1 enable
2024-8-4 20:03:16 - verbose: [Package] android@1.0.1 enable
2024-8-4 20:03:16 - verbose: [Package] bytedance-mini-game@1.0.2 enable
2024-8-4 20:03:16 - verbose: [Package] certificate@1.0.0 enable
2024-8-4 20:03:16 - verbose: [Package] channel-upload-tools@1.0.0 enable
2024-8-4 20:03:16 - verbose: [Package] fb-instant-games@1.0.0 enable
2024-8-4 20:03:16 - verbose: [Package] huawei-agc@1.0.0 enable
2024-8-4 20:03:16 - verbose: [Package] huawei-quick-game@1.0.1 enable
2024-8-4 20:03:17 - verbose: [Package] ios@1.0.0 enable
2024-8-4 20:03:17 - verbose: [Package] linux@1.0.0 enable
2024-8-4 20:03:17 - verbose: [Package] mac@1.0.0 enable
2024-8-4 20:03:17 - verbose: [Package] native@1.0.2 enable
2024-8-4 20:03:17 - verbose: [Build-plugin] register pkg native: 42ms
2024-8-4 20:03:17 - verbose: [Package] ohos@1.0.0 enable
2024-8-4 20:03:17 - verbose: [Package] open-harmonyos@1.0.0 enable
2024-8-4 20:03:17 - verbose: [Package] im-plugin@3.0.12 enable
2024-8-4 20:03:17 - verbose: [Package] cocos-service@3.0.7 enable
2024-8-4 20:03:17 - verbose: [Build-plugin] register pkg cocos-service: 34ms
2024-8-4 20:03:17 - verbose: [Package] oppo-mini-game@1.0.1 enable
2024-8-4 20:03:17 - verbose: [Build-plugin] register pkg huawei-agc: 806ms
2024-8-4 20:03:17 - verbose: asset-db is ready!
2024-8-4 20:03:17 - verbose: [Package] runtime-dev-tools@1.0.0 enable
2024-8-4 20:03:17 - verbose: [Package] taobao-creative-app@1.0.0 enable
2024-8-4 20:03:17 - verbose: [Package] taobao-mini-game@1.0.0 enable
2024-8-4 20:03:17 - verbose: [Build-plugin] register pkg fb-instant-games: 910ms
2024-8-4 20:03:17 - verbose: [Package] vivo-mini-game@1.0.1 enable
2024-8-4 20:03:17 - verbose: [Package] web-desktop@1.0.1 enable
2024-8-4 20:03:17 - verbose: [Build-plugin] register pkg ios: 896ms
2024-8-4 20:03:17 - verbose: [Build-plugin] register pkg bytedance-mini-game: 1035ms
2024-8-4 20:03:17 - verbose: [Build-plugin] register pkg android: 1086ms
2024-8-4 20:03:17 - verbose: [Package] web-mobile@1.0.1 enable
2024-8-4 20:03:17 - verbose: [Build-plugin] register pkg taobao-creative-app: 109ms
2024-8-4 20:03:17 - verbose: [Package] wechatgame@1.0.2 enable
2024-8-4 20:03:17 - verbose: [Build-plugin] register pkg oppo-mini-game: 180ms
2024-8-4 20:03:17 - verbose: [Package] windows@1.0.1 enable
2024-8-4 20:03:17 - verbose: [Package] xiaomi-quick-game@1.0.1 enable
2024-8-4 20:03:18 - verbose: [Build-plugin] register pkg web-desktop: 111ms
2024-8-4 20:03:18 - verbose: [Build-plugin] register pkg web-mobile: 110ms
2024-8-4 20:03:18 - verbose: [Build-plugin] register pkg wechatgame: 106ms
2024-8-4 20:03:18 - verbose: [Package] placeholder@1.0.0 enable
2024-8-4 20:03:18 - verbose: [Build-plugin] register pkg windows: 106ms
2024-8-4 20:03:18 - verbose: [Build-plugin] register pkg xiaomi-quick-game: 106ms
2024-8-4 20:03:18 - verbose: [Build-plugin] register pkg huawei-quick-game: 1146ms
2024-8-4 20:03:18 - verbose: [Build-plugin] register pkg mac: 1079ms
2024-8-4 20:03:18 - verbose: [Build-plugin] register pkg vivo-mini-game: 339ms
2024-8-4 20:03:18 - verbose: [Build-plugin] register pkg ohos: 1032ms
2024-8-4 20:03:20 - info: [Scene] [Physics][Bullet]: Using asmjs Bullet libs.
2024-8-4 20:03:20 - info: [Scene] [PHYSICS]: using builtin.
2024-8-4 20:03:20 - log: [Scene] Cocos Creator v3.7.2
2024-8-4 20:03:20 - info: [Scene] Forward render pipeline initialized.
2024-8-4 20:03:20 - info: [Scene] [PHYSICS]: switch from builtin to bullet.
2024-8-4 20:03:20 - info: [Scene] [PHYSICS2D]: switch from builtin to box2d.
2024-8-4 20:04:41 - log: [Window] Deprecated as of 10.7.0. highlight(lang, code, ...args) has been deprecated.
2024-8-4 20:04:41 - log: [Window] Deprecated as of 10.7.0. Please use highlight(code, options) instead.
https://github.com/highlightjs/highlight.js/issues/2277
2024-8-4 20:38:42 - warn: Please set the application in Preferences -> External Programs -> Default Script Editor to better open the script
2024-8-4 21:03:45 - warn: [Window] Load thumbnail failed: db://assets/resources/imgge/20.png
2024-8-4 21:03:45 - warn: [Window] Load thumbnail failed: db://assets/resources/imgge/20.png
2024-8-4 21:03:45 - warn: [Window] Load thumbnail failed: db://assets/resources/imgge/21.png
2024-8-4 21:03:45 - warn: [Window] Load thumbnail failed: db://assets/resources/imgge/22.png
2024-8-4 21:03:45 - warn: [Window] Load thumbnail failed: db://assets/resources/imgge/26.png
2024-8-4 21:03:45 - warn: [Window] Load thumbnail failed: db://assets/resources/imgge/27.png
2024-8-4 21:03:45 - warn: [Window] Load thumbnail failed: db://assets/resources/imgge/28.png
2024-8-4 21:03:45 - warn: [Window] Load thumbnail failed: db://assets/resources/imgge/29.png
2024-8-4 21:03:45 - warn: [Window] Load thumbnail failed: db://assets/resources/imgge/30.png
2024-8-4 21:03:45 - warn: [Window] Load thumbnail failed: db://assets/resources/imgge/31.png
2024-8-4 21:03:45 - warn: [Window] Load thumbnail failed: db://assets/resources/imgge/32.png
2024-8-4 21:03:45 - warn: [Window] Load thumbnail failed: db://assets/resources/imgge/33.png
2024-8-4 21:03:45 - warn: [Window] Load thumbnail failed: db://assets/resources/imgge/34.png
2024-8-4 21:03:45 - warn: [Window] Load thumbnail failed: db://assets/resources/imgge/35.png
2024-8-4 21:03:45 - warn: [Window] Load thumbnail failed: db://assets/resources/imgge/36.png
2024-8-4 21:03:45 - warn: [Window] Load thumbnail failed: db://assets/resources/imgge/37.png
2024-8-4 21:04:28 - warn: Metrics: no valid info
