debug: Sun, 04 Aug 2024 11:03:15 GMT
debug: Project: C:\D-Disk\cocos project\ScrollTest
debug: Targets: editor,preview
debug: Incremental file seems great.
debug: Engine path: C:\ProgramData\cocos\editors\Creator\3.7.2\resources\resources\3d\engine
debug: Initializing target [Editor]
debug: Loading cache
debug: Loading cache costs 2.1565000005066395ms.
debug: Engine features shipped in editor: base,gfx-webgl,gfx-webgl2,gfx-empty,3d,animation,skeletal-animation,2d,ui,particle,particle-2d,physics-framework,physics-2d-framework,intersection-2d,primitive,profiler,occlusion-query,geometry-renderer,debug-renderer,audio,video,xr,light-probe,terrain,webview,tween,tiled-map,spine,dragon-bones,marionette,custom-pipeline,websocket,websocket-server
debug: Our import map(foo:/bar): {
  "imports": {
    "cc": "cce:/internal/x/cc"
  }
}
debug: Initializing target [Preview]
debug: Loading cache
debug: Loading cache costs 1.3836999982595444ms.
debug: Our import map(foo:/bar): {
  "imports": {
    "cc": "cce:/internal/x/cc"
  }
}
debug: Sync engine features: 2d,3d,animation,audio,base,dragon-bones,gfx-webgl,gfx-webgl2,intersection-2d,light-probe,marionette,particle,particle-2d,physics-2d-box2d,physics-ammo,primitive,profiler,skeletal-animation,spine,terrain,tiled-map,tween,ui,video,websocket,webview
debug: Reset databases. Enumerated domains: [
  {
    "root": "db://internal/",
    "physical": "C:\\ProgramData\\cocos\\editors\\Creator\\3.7.2\\resources\\resources\\3d\\engine\\editor\\assets"
  },
  {
    "root": "db://assets/",
    "physical": "C:\\D-Disk\\cocos project\\ScrollTest\\assets"
  }
]
debug: Our import map(foo:/bar): {
  "imports": {
    "cc": "cce:/internal/x/cc",
    "db://internal/": "file:///C:/ProgramData/cocos/editors/Creator/3.7.2/resources/resources/3d/engine/editor/assets/",
    "db://assets/": "file:///C:/D-Disk/cocos%20project/ScrollTest/assets/"
  }
}
debug: Our import map(foo:/bar): {
  "imports": {
    "cc": "cce:/internal/x/cc",
    "db://internal/": "file:///C:/ProgramData/cocos/editors/Creator/3.7.2/resources/resources/3d/engine/editor/assets/",
    "db://assets/": "file:///C:/D-Disk/cocos%20project/ScrollTest/assets/"
  }
}
debug: Pulling asset-db.
debug: Fetch asset-db cost: 5.931600000709295ms.
debug: Build iteration starts.
Number of accumulated asset changes: 7
Feature changed: false
debug: Target(editor) build started.
debug: Detected change: cce:/internal/x/cc. Last mtime: Thu Jan 01 1970 09:00:04 GMT+0900 (日本標準時), Current mtime: Thu Jan 01 1970 09:00:04 GMT+0900 (日本標準時)
debug: Inspect cce:/internal/x/cc
debug: Resolve cce:/internal/x/cc-fu/base from cce:/internal/x/cc as external dependency cce:/internal/x/cc-fu/base.
debug: Resolve cce:/internal/x/cc-fu/gfx-webgl from cce:/internal/x/cc as external dependency cce:/internal/x/cc-fu/gfx-webgl.
debug: Resolve cce:/internal/x/cc-fu/gfx-webgl2 from cce:/internal/x/cc as external dependency cce:/internal/x/cc-fu/gfx-webgl2.
debug: Resolve cce:/internal/x/cc-fu/gfx-empty from cce:/internal/x/cc as external dependency cce:/internal/x/cc-fu/gfx-empty.
debug: Resolve cce:/internal/x/cc-fu/3d from cce:/internal/x/cc as external dependency cce:/internal/x/cc-fu/3d.
debug: Resolve cce:/internal/x/cc-fu/animation from cce:/internal/x/cc as external dependency cce:/internal/x/cc-fu/animation.
debug: Resolve cce:/internal/x/cc-fu/skeletal-animation from cce:/internal/x/cc as external dependency cce:/internal/x/cc-fu/skeletal-animation.
debug: Resolve cce:/internal/x/cc-fu/2d from cce:/internal/x/cc as external dependency cce:/internal/x/cc-fu/2d.
debug: Resolve cce:/internal/x/cc-fu/sorting from cce:/internal/x/cc as external dependency cce:/internal/x/cc-fu/sorting.
debug: Resolve cce:/internal/x/cc-fu/ui from cce:/internal/x/cc as external dependency cce:/internal/x/cc-fu/ui.
debug: Resolve cce:/internal/x/cc-fu/particle from cce:/internal/x/cc as external dependency cce:/internal/x/cc-fu/particle.
debug: Resolve cce:/internal/x/cc-fu/particle-2d from cce:/internal/x/cc as external dependency cce:/internal/x/cc-fu/particle-2d.
debug: Resolve cce:/internal/x/cc-fu/physics-framework from cce:/internal/x/cc as external dependency cce:/internal/x/cc-fu/physics-framework.
debug: Resolve cce:/internal/x/cc-fu/physics-2d-framework from cce:/internal/x/cc as external dependency cce:/internal/x/cc-fu/physics-2d-framework.
debug: Resolve cce:/internal/x/cc-fu/intersection-2d from cce:/internal/x/cc as external dependency cce:/internal/x/cc-fu/intersection-2d.
debug: Resolve cce:/internal/x/cc-fu/primitive from cce:/internal/x/cc as external dependency cce:/internal/x/cc-fu/primitive.
debug: Resolve cce:/internal/x/cc-fu/profiler from cce:/internal/x/cc as external dependency cce:/internal/x/cc-fu/profiler.
debug: Resolve cce:/internal/x/cc-fu/geometry-renderer from cce:/internal/x/cc as external dependency cce:/internal/x/cc-fu/geometry-renderer.
debug: Resolve cce:/internal/x/cc-fu/audio from cce:/internal/x/cc as external dependency cce:/internal/x/cc-fu/audio.
debug: Resolve cce:/internal/x/cc-fu/video from cce:/internal/x/cc as external dependency cce:/internal/x/cc-fu/video.
debug: Resolve cce:/internal/x/cc-fu/xr from cce:/internal/x/cc as external dependency cce:/internal/x/cc-fu/xr.
debug: Resolve cce:/internal/x/cc-fu/light-probe from cce:/internal/x/cc as external dependency cce:/internal/x/cc-fu/light-probe.
debug: Resolve cce:/internal/x/cc-fu/terrain from cce:/internal/x/cc as external dependency cce:/internal/x/cc-fu/terrain.
debug: Resolve cce:/internal/x/cc-fu/webview from cce:/internal/x/cc as external dependency cce:/internal/x/cc-fu/webview.
debug: Resolve cce:/internal/x/cc-fu/tween from cce:/internal/x/cc as external dependency cce:/internal/x/cc-fu/tween.
debug: Resolve cce:/internal/x/cc-fu/tiled-map from cce:/internal/x/cc as external dependency cce:/internal/x/cc-fu/tiled-map.
debug: Resolve cce:/internal/x/cc-fu/spine from cce:/internal/x/cc as external dependency cce:/internal/x/cc-fu/spine.
debug: Resolve cce:/internal/x/cc-fu/dragon-bones from cce:/internal/x/cc as external dependency cce:/internal/x/cc-fu/dragon-bones.
debug: Resolve cce:/internal/x/cc-fu/custom-pipeline from cce:/internal/x/cc as external dependency cce:/internal/x/cc-fu/custom-pipeline.
debug: Detected change: cce:/internal/x/prerequisite-imports. Last mtime: Thu Jan 01 1970 10:49:16 GMT+0900 (日本標準時), Current mtime: Thu Jan 01 1970 09:00:04 GMT+0900 (日本標準時)
debug: Inspect cce:/internal/x/prerequisite-imports
debug: Resolve file:///C:/D-Disk/cocos%20project/ScrollTest/assets/scripts/ScrollViewPlusItem.ts from cce:/internal/x/prerequisite-imports as file:///C:/D-Disk/cocos%20project/ScrollTest/assets/scripts/ScrollViewPlusItem.ts.
debug: Resolve cc from file:///C:/D-Disk/cocos%20project/ScrollTest/assets/scripts/ScrollViewPlusItem.ts as cce:/internal/x/cc.
debug: Resolve cc from file:///C:/D-Disk/cocos%20project/ScrollTest/assets/scripts/ScrollViewPlusItem.ts as cce:/internal/x/cc.
debug: Resolve cc from file:///C:/D-Disk/cocos%20project/ScrollTest/assets/scripts/ScrollViewPlusItem.ts as cce:/internal/x/cc.
debug: Resolve file:///C:/D-Disk/cocos%20project/ScrollTest/assets/scripts/ScrollViewRendererCtrl.ts from cce:/internal/x/prerequisite-imports as file:///C:/D-Disk/cocos%20project/ScrollTest/assets/scripts/ScrollViewRendererCtrl.ts.
debug: Resolve cce:/internal/code-quality/cr.mjs from file:///C:/D-Disk/cocos%20project/ScrollTest/assets/scripts/ScrollViewRendererCtrl.ts as cce:/internal/code-quality/cr.mjs.
debug: Detected change: cce:/internal/code-quality/cr.mjs. Last mtime: Sun Aug 04 2024 16:07:13 GMT+0900 (日本標準時), Current mtime: Sun Aug 04 2024 20:03:11 GMT+0900 (日本標準時)
debug: Inspect cce:/internal/code-quality/cr.mjs
debug: Resolve cc from file:///C:/D-Disk/cocos%20project/ScrollTest/assets/scripts/ScrollViewRendererCtrl.ts as cce:/internal/x/cc.
debug: Resolve cc from file:///C:/D-Disk/cocos%20project/ScrollTest/assets/scripts/ScrollViewRendererCtrl.ts as cce:/internal/x/cc.
debug: Resolve cc from file:///C:/D-Disk/cocos%20project/ScrollTest/assets/scripts/ScrollViewRendererCtrl.ts as cce:/internal/x/cc.
debug: Resolve ./ScrollViewPlusItem from file:///C:/D-Disk/cocos%20project/ScrollTest/assets/scripts/ScrollViewRendererCtrl.ts as file:///C:/D-Disk/cocos%20project/ScrollTest/assets/scripts/ScrollViewPlusItem.ts.
debug: Resolve file:///C:/D-Disk/cocos%20project/ScrollTest/assets/scripts/TestItemCreate.ts from cce:/internal/x/prerequisite-imports as file:///C:/D-Disk/cocos%20project/ScrollTest/assets/scripts/TestItemCreate.ts.
debug: Resolve cce:/internal/code-quality/cr.mjs from file:///C:/D-Disk/cocos%20project/ScrollTest/assets/scripts/TestItemCreate.ts as cce:/internal/code-quality/cr.mjs.
debug: Resolve cc from file:///C:/D-Disk/cocos%20project/ScrollTest/assets/scripts/TestItemCreate.ts as cce:/internal/x/cc.
debug: Resolve cc from file:///C:/D-Disk/cocos%20project/ScrollTest/assets/scripts/TestItemCreate.ts as cce:/internal/x/cc.
debug: Resolve cc from file:///C:/D-Disk/cocos%20project/ScrollTest/assets/scripts/TestItemCreate.ts as cce:/internal/x/cc.
debug: Resolve ./item3 from file:///C:/D-Disk/cocos%20project/ScrollTest/assets/scripts/TestItemCreate.ts as file:///C:/D-Disk/cocos%20project/ScrollTest/assets/scripts/item3.ts.
debug: Resolve cc from file:///C:/D-Disk/cocos%20project/ScrollTest/assets/scripts/item3.ts as cce:/internal/x/cc.
debug: Resolve cc from file:///C:/D-Disk/cocos%20project/ScrollTest/assets/scripts/item3.ts as cce:/internal/x/cc.
debug: Resolve cc from file:///C:/D-Disk/cocos%20project/ScrollTest/assets/scripts/item3.ts as cce:/internal/x/cc.
debug: Resolve file:///C:/D-Disk/cocos%20project/ScrollTest/assets/scripts/cc.ts from cce:/internal/x/prerequisite-imports as file:///C:/D-Disk/cocos%20project/ScrollTest/assets/scripts/cc.ts.
debug: Resolve cc from file:///C:/D-Disk/cocos%20project/ScrollTest/assets/scripts/cc.ts as cce:/internal/x/cc.
debug: Resolve cc from file:///C:/D-Disk/cocos%20project/ScrollTest/assets/scripts/cc.ts as cce:/internal/x/cc.
debug: Resolve cc from file:///C:/D-Disk/cocos%20project/ScrollTest/assets/scripts/cc.ts as cce:/internal/x/cc.
debug: Resolve file:///C:/D-Disk/cocos%20project/ScrollTest/assets/scripts/item3.ts from cce:/internal/x/prerequisite-imports as file:///C:/D-Disk/cocos%20project/ScrollTest/assets/scripts/item3.ts.
debug: Resolve file:///C:/D-Disk/cocos%20project/ScrollTest/assets/scripts/main.ts from cce:/internal/x/prerequisite-imports as file:///C:/D-Disk/cocos%20project/ScrollTest/assets/scripts/main.ts.
debug: Resolve cc from file:///C:/D-Disk/cocos%20project/ScrollTest/assets/scripts/main.ts as cce:/internal/x/cc.
debug: Resolve cc from file:///C:/D-Disk/cocos%20project/ScrollTest/assets/scripts/main.ts as cce:/internal/x/cc.
debug: Resolve cc from file:///C:/D-Disk/cocos%20project/ScrollTest/assets/scripts/main.ts as cce:/internal/x/cc.
debug: Resolve file:///C:/ProgramData/cocos/editors/Creator/3.7.2/resources/resources/3d/engine/editor/assets/tools/debug-view-runtime-control.ts from cce:/internal/x/prerequisite-imports as file:///C:/ProgramData/cocos/editors/Creator/3.7.2/resources/resources/3d/engine/editor/assets/tools/debug-view-runtime-control.ts.
debug: Resolve cc from file:///C:/ProgramData/cocos/editors/Creator/3.7.2/resources/resources/3d/engine/editor/assets/tools/debug-view-runtime-control.ts as cce:/internal/x/cc.
debug: Resolve cc from file:///C:/ProgramData/cocos/editors/Creator/3.7.2/resources/resources/3d/engine/editor/assets/tools/debug-view-runtime-control.ts as cce:/internal/x/cc.
debug: Resolve cc from file:///C:/ProgramData/cocos/editors/Creator/3.7.2/resources/resources/3d/engine/editor/assets/tools/debug-view-runtime-control.ts as cce:/internal/x/cc.
debug: Target(editor) ends with cost 62.682799998670816ms.
debug: Target(preview) build started.
debug: Detected change: cce:/internal/x/cc. Last mtime: Thu Jan 01 1970 09:00:04 GMT+0900 (日本標準時), Current mtime: Thu Jan 01 1970 09:00:04 GMT+0900 (日本標準時)
debug: Inspect cce:/internal/x/cc
debug: Resolve cce:/internal/x/cc-fu/2d from cce:/internal/x/cc as external dependency cce:/internal/x/cc-fu/2d.
debug: Resolve cce:/internal/x/cc-fu/sorting from cce:/internal/x/cc as external dependency cce:/internal/x/cc-fu/sorting.
debug: Resolve cce:/internal/x/cc-fu/3d from cce:/internal/x/cc as external dependency cce:/internal/x/cc-fu/3d.
debug: Resolve cce:/internal/x/cc-fu/animation from cce:/internal/x/cc as external dependency cce:/internal/x/cc-fu/animation.
debug: Resolve cce:/internal/x/cc-fu/audio from cce:/internal/x/cc as external dependency cce:/internal/x/cc-fu/audio.
debug: Resolve cce:/internal/x/cc-fu/base from cce:/internal/x/cc as external dependency cce:/internal/x/cc-fu/base.
debug: Resolve cce:/internal/x/cc-fu/dragon-bones from cce:/internal/x/cc as external dependency cce:/internal/x/cc-fu/dragon-bones.
debug: Resolve cce:/internal/x/cc-fu/gfx-webgl from cce:/internal/x/cc as external dependency cce:/internal/x/cc-fu/gfx-webgl.
debug: Resolve cce:/internal/x/cc-fu/gfx-webgl2 from cce:/internal/x/cc as external dependency cce:/internal/x/cc-fu/gfx-webgl2.
debug: Resolve cce:/internal/x/cc-fu/intersection-2d from cce:/internal/x/cc as external dependency cce:/internal/x/cc-fu/intersection-2d.
debug: Resolve cce:/internal/x/cc-fu/light-probe from cce:/internal/x/cc as external dependency cce:/internal/x/cc-fu/light-probe.
debug: Resolve cce:/internal/x/cc-fu/particle from cce:/internal/x/cc as external dependency cce:/internal/x/cc-fu/particle.
debug: Resolve cce:/internal/x/cc-fu/particle-2d from cce:/internal/x/cc as external dependency cce:/internal/x/cc-fu/particle-2d.
debug: Resolve cce:/internal/x/cc-fu/physics-2d-box2d from cce:/internal/x/cc as external dependency cce:/internal/x/cc-fu/physics-2d-box2d.
debug: Resolve cce:/internal/x/cc-fu/physics-2d-framework from cce:/internal/x/cc as external dependency cce:/internal/x/cc-fu/physics-2d-framework.
debug: Resolve cce:/internal/x/cc-fu/physics-ammo from cce:/internal/x/cc as external dependency cce:/internal/x/cc-fu/physics-ammo.
debug: Resolve cce:/internal/x/cc-fu/physics-framework from cce:/internal/x/cc as external dependency cce:/internal/x/cc-fu/physics-framework.
debug: Resolve cce:/internal/x/cc-fu/wait-for-ammo-instantiation from cce:/internal/x/cc as external dependency cce:/internal/x/cc-fu/wait-for-ammo-instantiation.
debug: Resolve cce:/internal/x/cc-fu/primitive from cce:/internal/x/cc as external dependency cce:/internal/x/cc-fu/primitive.
debug: Resolve cce:/internal/x/cc-fu/profiler from cce:/internal/x/cc as external dependency cce:/internal/x/cc-fu/profiler.
debug: Resolve cce:/internal/x/cc-fu/skeletal-animation from cce:/internal/x/cc as external dependency cce:/internal/x/cc-fu/skeletal-animation.
debug: Resolve cce:/internal/x/cc-fu/spine from cce:/internal/x/cc as external dependency cce:/internal/x/cc-fu/spine.
debug: Resolve cce:/internal/x/cc-fu/terrain from cce:/internal/x/cc as external dependency cce:/internal/x/cc-fu/terrain.
debug: Resolve cce:/internal/x/cc-fu/tiled-map from cce:/internal/x/cc as external dependency cce:/internal/x/cc-fu/tiled-map.
debug: Resolve cce:/internal/x/cc-fu/tween from cce:/internal/x/cc as external dependency cce:/internal/x/cc-fu/tween.
debug: Resolve cce:/internal/x/cc-fu/ui from cce:/internal/x/cc as external dependency cce:/internal/x/cc-fu/ui.
debug: Resolve cce:/internal/x/cc-fu/video from cce:/internal/x/cc as external dependency cce:/internal/x/cc-fu/video.
debug: Resolve cce:/internal/x/cc-fu/webview from cce:/internal/x/cc as external dependency cce:/internal/x/cc-fu/webview.
debug: Detected change: cce:/internal/x/prerequisite-imports. Last mtime: Thu Jan 01 1970 10:49:16 GMT+0900 (日本標準時), Current mtime: Thu Jan 01 1970 09:00:04 GMT+0900 (日本標準時)
debug: Inspect cce:/internal/x/prerequisite-imports
debug: Resolve file:///C:/D-Disk/cocos%20project/ScrollTest/assets/scripts/ScrollViewPlusItem.ts from cce:/internal/x/prerequisite-imports as file:///C:/D-Disk/cocos%20project/ScrollTest/assets/scripts/ScrollViewPlusItem.ts.
debug: Resolve cc from file:///C:/D-Disk/cocos%20project/ScrollTest/assets/scripts/ScrollViewPlusItem.ts as cce:/internal/x/cc.
debug: Resolve cc from file:///C:/D-Disk/cocos%20project/ScrollTest/assets/scripts/ScrollViewPlusItem.ts as cce:/internal/x/cc.
debug: Resolve cc from file:///C:/D-Disk/cocos%20project/ScrollTest/assets/scripts/ScrollViewPlusItem.ts as cce:/internal/x/cc.
debug: Resolve file:///C:/D-Disk/cocos%20project/ScrollTest/assets/scripts/ScrollViewRendererCtrl.ts from cce:/internal/x/prerequisite-imports as file:///C:/D-Disk/cocos%20project/ScrollTest/assets/scripts/ScrollViewRendererCtrl.ts.
debug: Resolve cce:/internal/code-quality/cr.mjs from file:///C:/D-Disk/cocos%20project/ScrollTest/assets/scripts/ScrollViewRendererCtrl.ts as cce:/internal/code-quality/cr.mjs.
debug: Detected change: cce:/internal/code-quality/cr.mjs. Last mtime: Sun Aug 04 2024 16:07:13 GMT+0900 (日本標準時), Current mtime: Sun Aug 04 2024 20:03:11 GMT+0900 (日本標準時)
debug: Inspect cce:/internal/code-quality/cr.mjs
debug: Resolve cc from file:///C:/D-Disk/cocos%20project/ScrollTest/assets/scripts/ScrollViewRendererCtrl.ts as cce:/internal/x/cc.
debug: Resolve cc from file:///C:/D-Disk/cocos%20project/ScrollTest/assets/scripts/ScrollViewRendererCtrl.ts as cce:/internal/x/cc.
debug: Resolve cc from file:///C:/D-Disk/cocos%20project/ScrollTest/assets/scripts/ScrollViewRendererCtrl.ts as cce:/internal/x/cc.
debug: Resolve ./ScrollViewPlusItem from file:///C:/D-Disk/cocos%20project/ScrollTest/assets/scripts/ScrollViewRendererCtrl.ts as file:///C:/D-Disk/cocos%20project/ScrollTest/assets/scripts/ScrollViewPlusItem.ts.
debug: Resolve file:///C:/D-Disk/cocos%20project/ScrollTest/assets/scripts/TestItemCreate.ts from cce:/internal/x/prerequisite-imports as file:///C:/D-Disk/cocos%20project/ScrollTest/assets/scripts/TestItemCreate.ts.
debug: Resolve cce:/internal/code-quality/cr.mjs from file:///C:/D-Disk/cocos%20project/ScrollTest/assets/scripts/TestItemCreate.ts as cce:/internal/code-quality/cr.mjs.
debug: Resolve cc from file:///C:/D-Disk/cocos%20project/ScrollTest/assets/scripts/TestItemCreate.ts as cce:/internal/x/cc.
debug: Resolve cc from file:///C:/D-Disk/cocos%20project/ScrollTest/assets/scripts/TestItemCreate.ts as cce:/internal/x/cc.
debug: Resolve cc from file:///C:/D-Disk/cocos%20project/ScrollTest/assets/scripts/TestItemCreate.ts as cce:/internal/x/cc.
debug: Resolve ./item3 from file:///C:/D-Disk/cocos%20project/ScrollTest/assets/scripts/TestItemCreate.ts as file:///C:/D-Disk/cocos%20project/ScrollTest/assets/scripts/item3.ts.
debug: Resolve cc from file:///C:/D-Disk/cocos%20project/ScrollTest/assets/scripts/item3.ts as cce:/internal/x/cc.
debug: Resolve cc from file:///C:/D-Disk/cocos%20project/ScrollTest/assets/scripts/item3.ts as cce:/internal/x/cc.
debug: Resolve cc from file:///C:/D-Disk/cocos%20project/ScrollTest/assets/scripts/item3.ts as cce:/internal/x/cc.
debug: Resolve file:///C:/D-Disk/cocos%20project/ScrollTest/assets/scripts/cc.ts from cce:/internal/x/prerequisite-imports as file:///C:/D-Disk/cocos%20project/ScrollTest/assets/scripts/cc.ts.
debug: Resolve cc from file:///C:/D-Disk/cocos%20project/ScrollTest/assets/scripts/cc.ts as cce:/internal/x/cc.
debug: Resolve cc from file:///C:/D-Disk/cocos%20project/ScrollTest/assets/scripts/cc.ts as cce:/internal/x/cc.
debug: Resolve cc from file:///C:/D-Disk/cocos%20project/ScrollTest/assets/scripts/cc.ts as cce:/internal/x/cc.
debug: Resolve file:///C:/D-Disk/cocos%20project/ScrollTest/assets/scripts/item3.ts from cce:/internal/x/prerequisite-imports as file:///C:/D-Disk/cocos%20project/ScrollTest/assets/scripts/item3.ts.
debug: Resolve file:///C:/D-Disk/cocos%20project/ScrollTest/assets/scripts/main.ts from cce:/internal/x/prerequisite-imports as file:///C:/D-Disk/cocos%20project/ScrollTest/assets/scripts/main.ts.
debug: Resolve cc from file:///C:/D-Disk/cocos%20project/ScrollTest/assets/scripts/main.ts as cce:/internal/x/cc.
debug: Resolve cc from file:///C:/D-Disk/cocos%20project/ScrollTest/assets/scripts/main.ts as cce:/internal/x/cc.
debug: Resolve cc from file:///C:/D-Disk/cocos%20project/ScrollTest/assets/scripts/main.ts as cce:/internal/x/cc.
debug: Resolve file:///C:/ProgramData/cocos/editors/Creator/3.7.2/resources/resources/3d/engine/editor/assets/tools/debug-view-runtime-control.ts from cce:/internal/x/prerequisite-imports as file:///C:/ProgramData/cocos/editors/Creator/3.7.2/resources/resources/3d/engine/editor/assets/tools/debug-view-runtime-control.ts.
debug: Resolve cc from file:///C:/ProgramData/cocos/editors/Creator/3.7.2/resources/resources/3d/engine/editor/assets/tools/debug-view-runtime-control.ts as cce:/internal/x/cc.
debug: Resolve cc from file:///C:/ProgramData/cocos/editors/Creator/3.7.2/resources/resources/3d/engine/editor/assets/tools/debug-view-runtime-control.ts as cce:/internal/x/cc.
debug: Resolve cc from file:///C:/ProgramData/cocos/editors/Creator/3.7.2/resources/resources/3d/engine/editor/assets/tools/debug-view-runtime-control.ts as cce:/internal/x/cc.
debug: Target(preview) ends with cost 66.72940000146627ms.
debug: Pulling asset-db.
debug: Fetch asset-db cost: 951.2714999988675ms.
debug: Build iteration starts.
Number of accumulated asset changes: 7
Feature changed: false
debug: Target(editor) build started.
debug: Detected change: cce:/internal/x/prerequisite-imports. Last mtime: Thu Jan 01 1970 09:00:04 GMT+0900 (日本標準時), Current mtime: Thu Jan 01 1970 09:00:07 GMT+0900 (日本標準時)
debug: Inspect cce:/internal/x/prerequisite-imports
debug: Resolve file:///C:/D-Disk/cocos%20project/ScrollTest/assets/scripts/ScrollViewPlusItem.ts from cce:/internal/x/prerequisite-imports as file:///C:/D-Disk/cocos%20project/ScrollTest/assets/scripts/ScrollViewPlusItem.ts.
debug: Resolve file:///C:/D-Disk/cocos%20project/ScrollTest/assets/scripts/ScrollViewRendererCtrl.ts from cce:/internal/x/prerequisite-imports as file:///C:/D-Disk/cocos%20project/ScrollTest/assets/scripts/ScrollViewRendererCtrl.ts.
debug: Resolve file:///C:/D-Disk/cocos%20project/ScrollTest/assets/scripts/TestItemCreate.ts from cce:/internal/x/prerequisite-imports as file:///C:/D-Disk/cocos%20project/ScrollTest/assets/scripts/TestItemCreate.ts.
debug: Resolve file:///C:/D-Disk/cocos%20project/ScrollTest/assets/scripts/cc.ts from cce:/internal/x/prerequisite-imports as file:///C:/D-Disk/cocos%20project/ScrollTest/assets/scripts/cc.ts.
debug: Resolve file:///C:/D-Disk/cocos%20project/ScrollTest/assets/scripts/item3.ts from cce:/internal/x/prerequisite-imports as file:///C:/D-Disk/cocos%20project/ScrollTest/assets/scripts/item3.ts.
debug: Resolve file:///C:/D-Disk/cocos%20project/ScrollTest/assets/scripts/main.ts from cce:/internal/x/prerequisite-imports as file:///C:/D-Disk/cocos%20project/ScrollTest/assets/scripts/main.ts.
debug: Resolve file:///C:/ProgramData/cocos/editors/Creator/3.7.2/resources/resources/3d/engine/editor/assets/tools/debug-view-runtime-control.ts from cce:/internal/x/prerequisite-imports as file:///C:/ProgramData/cocos/editors/Creator/3.7.2/resources/resources/3d/engine/editor/assets/tools/debug-view-runtime-control.ts.
debug: Target(editor) ends with cost 22.18080000206828ms.
debug: Target(preview) build started.
debug: Detected change: cce:/internal/x/prerequisite-imports. Last mtime: Thu Jan 01 1970 09:00:04 GMT+0900 (日本標準時), Current mtime: Thu Jan 01 1970 09:00:07 GMT+0900 (日本標準時)
debug: Inspect cce:/internal/x/prerequisite-imports
debug: Resolve file:///C:/D-Disk/cocos%20project/ScrollTest/assets/scripts/ScrollViewPlusItem.ts from cce:/internal/x/prerequisite-imports as file:///C:/D-Disk/cocos%20project/ScrollTest/assets/scripts/ScrollViewPlusItem.ts.
debug: Resolve file:///C:/D-Disk/cocos%20project/ScrollTest/assets/scripts/ScrollViewRendererCtrl.ts from cce:/internal/x/prerequisite-imports as file:///C:/D-Disk/cocos%20project/ScrollTest/assets/scripts/ScrollViewRendererCtrl.ts.
debug: Resolve file:///C:/D-Disk/cocos%20project/ScrollTest/assets/scripts/TestItemCreate.ts from cce:/internal/x/prerequisite-imports as file:///C:/D-Disk/cocos%20project/ScrollTest/assets/scripts/TestItemCreate.ts.
debug: Resolve file:///C:/D-Disk/cocos%20project/ScrollTest/assets/scripts/cc.ts from cce:/internal/x/prerequisite-imports as file:///C:/D-Disk/cocos%20project/ScrollTest/assets/scripts/cc.ts.
debug: Resolve file:///C:/D-Disk/cocos%20project/ScrollTest/assets/scripts/item3.ts from cce:/internal/x/prerequisite-imports as file:///C:/D-Disk/cocos%20project/ScrollTest/assets/scripts/item3.ts.
debug: Resolve file:///C:/D-Disk/cocos%20project/ScrollTest/assets/scripts/main.ts from cce:/internal/x/prerequisite-imports as file:///C:/D-Disk/cocos%20project/ScrollTest/assets/scripts/main.ts.
debug: Resolve file:///C:/ProgramData/cocos/editors/Creator/3.7.2/resources/resources/3d/engine/editor/assets/tools/debug-view-runtime-control.ts from cce:/internal/x/prerequisite-imports as file:///C:/ProgramData/cocos/editors/Creator/3.7.2/resources/resources/3d/engine/editor/assets/tools/debug-view-runtime-control.ts.
debug: Target(preview) ends with cost 20.264299999922514ms.
debug: Dispatch build request for time accumulated 1 asset changes.
debug: Build iteration starts.
Number of accumulated asset changes: 1
Feature changed: false
debug: Target(editor) build started.
debug: Detected change: cce:/internal/x/prerequisite-imports. Last mtime: Thu Jan 01 1970 09:00:07 GMT+0900 (日本標準時), Current mtime: Thu Jan 01 1970 09:34:48 GMT+0900 (日本標準時)
debug: Inspect cce:/internal/x/prerequisite-imports
debug: Resolve file:///C:/D-Disk/cocos%20project/ScrollTest/assets/scripts/ScrollViewPlusItem.ts from cce:/internal/x/prerequisite-imports as file:///C:/D-Disk/cocos%20project/ScrollTest/assets/scripts/ScrollViewPlusItem.ts.
debug: Detected change: file:///C:/D-Disk/cocos%20project/ScrollTest/assets/scripts/ScrollViewPlusItem.ts. Last mtime: Sun Aug 04 2024 17:48:31 GMT+0900 (日本標準時)@d43424c0-cbe5-4a2b-9a3a-51f2b4608074, Current mtime: Sun Aug 04 2024 20:33:10 GMT+0900 (日本標準時)@d43424c0-cbe5-4a2b-9a3a-51f2b4608074
debug: Inspect file:///C:/D-Disk/cocos%20project/ScrollTest/assets/scripts/ScrollViewPlusItem.ts
debug: Resolve cc from file:///C:/D-Disk/cocos%20project/ScrollTest/assets/scripts/ScrollViewPlusItem.ts as cce:/internal/x/cc.
debug: Resolve cc from file:///C:/D-Disk/cocos%20project/ScrollTest/assets/scripts/ScrollViewPlusItem.ts as cce:/internal/x/cc.
debug: Resolve cc from file:///C:/D-Disk/cocos%20project/ScrollTest/assets/scripts/ScrollViewPlusItem.ts as cce:/internal/x/cc.
debug: Resolve file:///C:/D-Disk/cocos%20project/ScrollTest/assets/scripts/ScrollViewRendererCtrl.ts from cce:/internal/x/prerequisite-imports as file:///C:/D-Disk/cocos%20project/ScrollTest/assets/scripts/ScrollViewRendererCtrl.ts.
debug: Resolve file:///C:/D-Disk/cocos%20project/ScrollTest/assets/scripts/TestItemCreate.ts from cce:/internal/x/prerequisite-imports as file:///C:/D-Disk/cocos%20project/ScrollTest/assets/scripts/TestItemCreate.ts.
debug: Resolve file:///C:/D-Disk/cocos%20project/ScrollTest/assets/scripts/cc.ts from cce:/internal/x/prerequisite-imports as file:///C:/D-Disk/cocos%20project/ScrollTest/assets/scripts/cc.ts.
debug: Resolve file:///C:/D-Disk/cocos%20project/ScrollTest/assets/scripts/item3.ts from cce:/internal/x/prerequisite-imports as file:///C:/D-Disk/cocos%20project/ScrollTest/assets/scripts/item3.ts.
debug: Resolve file:///C:/D-Disk/cocos%20project/ScrollTest/assets/scripts/main.ts from cce:/internal/x/prerequisite-imports as file:///C:/D-Disk/cocos%20project/ScrollTest/assets/scripts/main.ts.
debug: Resolve file:///C:/ProgramData/cocos/editors/Creator/3.7.2/resources/resources/3d/engine/editor/assets/tools/debug-view-runtime-control.ts from cce:/internal/x/prerequisite-imports as file:///C:/ProgramData/cocos/editors/Creator/3.7.2/resources/resources/3d/engine/editor/assets/tools/debug-view-runtime-control.ts.
debug: Target(editor) ends with cost 176.85799999907613ms.
debug: Target(preview) build started.
debug: Detected change: cce:/internal/x/prerequisite-imports. Last mtime: Thu Jan 01 1970 09:00:07 GMT+0900 (日本標準時), Current mtime: Thu Jan 01 1970 09:34:48 GMT+0900 (日本標準時)
debug: Inspect cce:/internal/x/prerequisite-imports
debug: Resolve file:///C:/D-Disk/cocos%20project/ScrollTest/assets/scripts/ScrollViewPlusItem.ts from cce:/internal/x/prerequisite-imports as file:///C:/D-Disk/cocos%20project/ScrollTest/assets/scripts/ScrollViewPlusItem.ts.
debug: Detected change: file:///C:/D-Disk/cocos%20project/ScrollTest/assets/scripts/ScrollViewPlusItem.ts. Last mtime: Sun Aug 04 2024 17:48:31 GMT+0900 (日本標準時)@d43424c0-cbe5-4a2b-9a3a-51f2b4608074, Current mtime: Sun Aug 04 2024 20:33:10 GMT+0900 (日本標準時)@d43424c0-cbe5-4a2b-9a3a-51f2b4608074
debug: Inspect file:///C:/D-Disk/cocos%20project/ScrollTest/assets/scripts/ScrollViewPlusItem.ts
debug: Resolve cc from file:///C:/D-Disk/cocos%20project/ScrollTest/assets/scripts/ScrollViewPlusItem.ts as cce:/internal/x/cc.
debug: Resolve cc from file:///C:/D-Disk/cocos%20project/ScrollTest/assets/scripts/ScrollViewPlusItem.ts as cce:/internal/x/cc.
debug: Resolve cc from file:///C:/D-Disk/cocos%20project/ScrollTest/assets/scripts/ScrollViewPlusItem.ts as cce:/internal/x/cc.
debug: Resolve file:///C:/D-Disk/cocos%20project/ScrollTest/assets/scripts/ScrollViewRendererCtrl.ts from cce:/internal/x/prerequisite-imports as file:///C:/D-Disk/cocos%20project/ScrollTest/assets/scripts/ScrollViewRendererCtrl.ts.
debug: Resolve file:///C:/D-Disk/cocos%20project/ScrollTest/assets/scripts/TestItemCreate.ts from cce:/internal/x/prerequisite-imports as file:///C:/D-Disk/cocos%20project/ScrollTest/assets/scripts/TestItemCreate.ts.
debug: Resolve file:///C:/D-Disk/cocos%20project/ScrollTest/assets/scripts/cc.ts from cce:/internal/x/prerequisite-imports as file:///C:/D-Disk/cocos%20project/ScrollTest/assets/scripts/cc.ts.
debug: Resolve file:///C:/D-Disk/cocos%20project/ScrollTest/assets/scripts/item3.ts from cce:/internal/x/prerequisite-imports as file:///C:/D-Disk/cocos%20project/ScrollTest/assets/scripts/item3.ts.
debug: Resolve file:///C:/D-Disk/cocos%20project/ScrollTest/assets/scripts/main.ts from cce:/internal/x/prerequisite-imports as file:///C:/D-Disk/cocos%20project/ScrollTest/assets/scripts/main.ts.
debug: Resolve file:///C:/ProgramData/cocos/editors/Creator/3.7.2/resources/resources/3d/engine/editor/assets/tools/debug-view-runtime-control.ts from cce:/internal/x/prerequisite-imports as file:///C:/ProgramData/cocos/editors/Creator/3.7.2/resources/resources/3d/engine/editor/assets/tools/debug-view-runtime-control.ts.
debug: Target(preview) ends with cost 103.56480000168085ms.
debug: Dispatch build request for time accumulated 1 asset changes.
debug: Build iteration starts.
Number of accumulated asset changes: 1
Feature changed: false
debug: Target(editor) build started.
debug: Detected change: cce:/internal/x/prerequisite-imports. Last mtime: Thu Jan 01 1970 09:34:48 GMT+0900 (日本標準時), Current mtime: Thu Jan 01 1970 09:35:03 GMT+0900 (日本標準時)
debug: Inspect cce:/internal/x/prerequisite-imports
debug: Resolve file:///C:/D-Disk/cocos%20project/ScrollTest/assets/scripts/ScrollViewPlusItem.ts from cce:/internal/x/prerequisite-imports as file:///C:/D-Disk/cocos%20project/ScrollTest/assets/scripts/ScrollViewPlusItem.ts.
debug: Resolve file:///C:/D-Disk/cocos%20project/ScrollTest/assets/scripts/ScrollViewPlusItem1.ts from cce:/internal/x/prerequisite-imports as file:///C:/D-Disk/cocos%20project/ScrollTest/assets/scripts/ScrollViewPlusItem1.ts.
debug: Inspect file:///C:/D-Disk/cocos%20project/ScrollTest/assets/scripts/ScrollViewPlusItem1.ts
debug: Resolve cc from file:///C:/D-Disk/cocos%20project/ScrollTest/assets/scripts/ScrollViewPlusItem1.ts as cce:/internal/x/cc.
debug: Resolve cc from file:///C:/D-Disk/cocos%20project/ScrollTest/assets/scripts/ScrollViewPlusItem1.ts as cce:/internal/x/cc.
debug: Resolve cc from file:///C:/D-Disk/cocos%20project/ScrollTest/assets/scripts/ScrollViewPlusItem1.ts as cce:/internal/x/cc.
debug: Resolve file:///C:/D-Disk/cocos%20project/ScrollTest/assets/scripts/ScrollViewRendererCtrl.ts from cce:/internal/x/prerequisite-imports as file:///C:/D-Disk/cocos%20project/ScrollTest/assets/scripts/ScrollViewRendererCtrl.ts.
debug: Resolve file:///C:/D-Disk/cocos%20project/ScrollTest/assets/scripts/TestItemCreate.ts from cce:/internal/x/prerequisite-imports as file:///C:/D-Disk/cocos%20project/ScrollTest/assets/scripts/TestItemCreate.ts.
debug: Resolve file:///C:/D-Disk/cocos%20project/ScrollTest/assets/scripts/cc.ts from cce:/internal/x/prerequisite-imports as file:///C:/D-Disk/cocos%20project/ScrollTest/assets/scripts/cc.ts.
debug: Resolve file:///C:/D-Disk/cocos%20project/ScrollTest/assets/scripts/item3.ts from cce:/internal/x/prerequisite-imports as file:///C:/D-Disk/cocos%20project/ScrollTest/assets/scripts/item3.ts.
debug: Resolve file:///C:/D-Disk/cocos%20project/ScrollTest/assets/scripts/main.ts from cce:/internal/x/prerequisite-imports as file:///C:/D-Disk/cocos%20project/ScrollTest/assets/scripts/main.ts.
debug: Resolve file:///C:/ProgramData/cocos/editors/Creator/3.7.2/resources/resources/3d/engine/editor/assets/tools/debug-view-runtime-control.ts from cce:/internal/x/prerequisite-imports as file:///C:/ProgramData/cocos/editors/Creator/3.7.2/resources/resources/3d/engine/editor/assets/tools/debug-view-runtime-control.ts.
debug: Target(editor) ends with cost 31.713100001215935ms.
debug: Target(preview) build started.
debug: Detected change: cce:/internal/x/prerequisite-imports. Last mtime: Thu Jan 01 1970 09:34:48 GMT+0900 (日本標準時), Current mtime: Thu Jan 01 1970 09:35:03 GMT+0900 (日本標準時)
debug: Inspect cce:/internal/x/prerequisite-imports
debug: Resolve file:///C:/D-Disk/cocos%20project/ScrollTest/assets/scripts/ScrollViewPlusItem.ts from cce:/internal/x/prerequisite-imports as file:///C:/D-Disk/cocos%20project/ScrollTest/assets/scripts/ScrollViewPlusItem.ts.
debug: Resolve file:///C:/D-Disk/cocos%20project/ScrollTest/assets/scripts/ScrollViewPlusItem1.ts from cce:/internal/x/prerequisite-imports as file:///C:/D-Disk/cocos%20project/ScrollTest/assets/scripts/ScrollViewPlusItem1.ts.
debug: Inspect file:///C:/D-Disk/cocos%20project/ScrollTest/assets/scripts/ScrollViewPlusItem1.ts
debug: Resolve cc from file:///C:/D-Disk/cocos%20project/ScrollTest/assets/scripts/ScrollViewPlusItem1.ts as cce:/internal/x/cc.
debug: Resolve cc from file:///C:/D-Disk/cocos%20project/ScrollTest/assets/scripts/ScrollViewPlusItem1.ts as cce:/internal/x/cc.
debug: Resolve cc from file:///C:/D-Disk/cocos%20project/ScrollTest/assets/scripts/ScrollViewPlusItem1.ts as cce:/internal/x/cc.
debug: Resolve file:///C:/D-Disk/cocos%20project/ScrollTest/assets/scripts/ScrollViewRendererCtrl.ts from cce:/internal/x/prerequisite-imports as file:///C:/D-Disk/cocos%20project/ScrollTest/assets/scripts/ScrollViewRendererCtrl.ts.
debug: Resolve file:///C:/D-Disk/cocos%20project/ScrollTest/assets/scripts/TestItemCreate.ts from cce:/internal/x/prerequisite-imports as file:///C:/D-Disk/cocos%20project/ScrollTest/assets/scripts/TestItemCreate.ts.
debug: Resolve file:///C:/D-Disk/cocos%20project/ScrollTest/assets/scripts/cc.ts from cce:/internal/x/prerequisite-imports as file:///C:/D-Disk/cocos%20project/ScrollTest/assets/scripts/cc.ts.
debug: Resolve file:///C:/D-Disk/cocos%20project/ScrollTest/assets/scripts/item3.ts from cce:/internal/x/prerequisite-imports as file:///C:/D-Disk/cocos%20project/ScrollTest/assets/scripts/item3.ts.
debug: Resolve file:///C:/D-Disk/cocos%20project/ScrollTest/assets/scripts/main.ts from cce:/internal/x/prerequisite-imports as file:///C:/D-Disk/cocos%20project/ScrollTest/assets/scripts/main.ts.
debug: Resolve file:///C:/ProgramData/cocos/editors/Creator/3.7.2/resources/resources/3d/engine/editor/assets/tools/debug-view-runtime-control.ts from cce:/internal/x/prerequisite-imports as file:///C:/ProgramData/cocos/editors/Creator/3.7.2/resources/resources/3d/engine/editor/assets/tools/debug-view-runtime-control.ts.
debug: Target(preview) ends with cost 33.20050000026822ms.
debug: Dispatch build request for time accumulated 1 asset changes.
debug: Build iteration starts.
Number of accumulated asset changes: 1
Feature changed: false
debug: Target(editor) build started.
debug: Detected change: cce:/internal/x/prerequisite-imports. Last mtime: Thu Jan 01 1970 09:35:03 GMT+0900 (日本標準時), Current mtime: Thu Jan 01 1970 09:35:16 GMT+0900 (日本標準時)
debug: Inspect cce:/internal/x/prerequisite-imports
debug: Resolve file:///C:/D-Disk/cocos%20project/ScrollTest/assets/scripts/ScrollViewPlusItem.ts from cce:/internal/x/prerequisite-imports as file:///C:/D-Disk/cocos%20project/ScrollTest/assets/scripts/ScrollViewPlusItem.ts.
debug: Resolve file:///C:/D-Disk/cocos%20project/ScrollTest/assets/scripts/ScrollViewPlusItem1.ts from cce:/internal/x/prerequisite-imports as file:///C:/D-Disk/cocos%20project/ScrollTest/assets/scripts/ScrollViewPlusItem1.ts.
debug: Resolve file:///C:/D-Disk/cocos%20project/ScrollTest/assets/scripts/ScrollViewPlusItem2.ts from cce:/internal/x/prerequisite-imports as file:///C:/D-Disk/cocos%20project/ScrollTest/assets/scripts/ScrollViewPlusItem2.ts.
debug: Inspect file:///C:/D-Disk/cocos%20project/ScrollTest/assets/scripts/ScrollViewPlusItem2.ts
debug: Resolve cc from file:///C:/D-Disk/cocos%20project/ScrollTest/assets/scripts/ScrollViewPlusItem2.ts as cce:/internal/x/cc.
debug: Resolve cc from file:///C:/D-Disk/cocos%20project/ScrollTest/assets/scripts/ScrollViewPlusItem2.ts as cce:/internal/x/cc.
debug: Resolve cc from file:///C:/D-Disk/cocos%20project/ScrollTest/assets/scripts/ScrollViewPlusItem2.ts as cce:/internal/x/cc.
debug: Resolve file:///C:/D-Disk/cocos%20project/ScrollTest/assets/scripts/ScrollViewRendererCtrl.ts from cce:/internal/x/prerequisite-imports as file:///C:/D-Disk/cocos%20project/ScrollTest/assets/scripts/ScrollViewRendererCtrl.ts.
debug: Resolve file:///C:/D-Disk/cocos%20project/ScrollTest/assets/scripts/TestItemCreate.ts from cce:/internal/x/prerequisite-imports as file:///C:/D-Disk/cocos%20project/ScrollTest/assets/scripts/TestItemCreate.ts.
debug: Resolve file:///C:/D-Disk/cocos%20project/ScrollTest/assets/scripts/cc.ts from cce:/internal/x/prerequisite-imports as file:///C:/D-Disk/cocos%20project/ScrollTest/assets/scripts/cc.ts.
debug: Resolve file:///C:/D-Disk/cocos%20project/ScrollTest/assets/scripts/item3.ts from cce:/internal/x/prerequisite-imports as file:///C:/D-Disk/cocos%20project/ScrollTest/assets/scripts/item3.ts.
debug: Resolve file:///C:/D-Disk/cocos%20project/ScrollTest/assets/scripts/main.ts from cce:/internal/x/prerequisite-imports as file:///C:/D-Disk/cocos%20project/ScrollTest/assets/scripts/main.ts.
debug: Resolve file:///C:/ProgramData/cocos/editors/Creator/3.7.2/resources/resources/3d/engine/editor/assets/tools/debug-view-runtime-control.ts from cce:/internal/x/prerequisite-imports as file:///C:/ProgramData/cocos/editors/Creator/3.7.2/resources/resources/3d/engine/editor/assets/tools/debug-view-runtime-control.ts.
debug: Target(editor) ends with cost 63.0890999995172ms.
debug: Target(preview) build started.
debug: Detected change: cce:/internal/x/prerequisite-imports. Last mtime: Thu Jan 01 1970 09:35:03 GMT+0900 (日本標準時), Current mtime: Thu Jan 01 1970 09:35:16 GMT+0900 (日本標準時)
debug: Inspect cce:/internal/x/prerequisite-imports
debug: Resolve file:///C:/D-Disk/cocos%20project/ScrollTest/assets/scripts/ScrollViewPlusItem.ts from cce:/internal/x/prerequisite-imports as file:///C:/D-Disk/cocos%20project/ScrollTest/assets/scripts/ScrollViewPlusItem.ts.
debug: Resolve file:///C:/D-Disk/cocos%20project/ScrollTest/assets/scripts/ScrollViewPlusItem1.ts from cce:/internal/x/prerequisite-imports as file:///C:/D-Disk/cocos%20project/ScrollTest/assets/scripts/ScrollViewPlusItem1.ts.
debug: Resolve file:///C:/D-Disk/cocos%20project/ScrollTest/assets/scripts/ScrollViewPlusItem2.ts from cce:/internal/x/prerequisite-imports as file:///C:/D-Disk/cocos%20project/ScrollTest/assets/scripts/ScrollViewPlusItem2.ts.
debug: Inspect file:///C:/D-Disk/cocos%20project/ScrollTest/assets/scripts/ScrollViewPlusItem2.ts
debug: Resolve cc from file:///C:/D-Disk/cocos%20project/ScrollTest/assets/scripts/ScrollViewPlusItem2.ts as cce:/internal/x/cc.
debug: Resolve cc from file:///C:/D-Disk/cocos%20project/ScrollTest/assets/scripts/ScrollViewPlusItem2.ts as cce:/internal/x/cc.
debug: Resolve cc from file:///C:/D-Disk/cocos%20project/ScrollTest/assets/scripts/ScrollViewPlusItem2.ts as cce:/internal/x/cc.
debug: Resolve file:///C:/D-Disk/cocos%20project/ScrollTest/assets/scripts/ScrollViewRendererCtrl.ts from cce:/internal/x/prerequisite-imports as file:///C:/D-Disk/cocos%20project/ScrollTest/assets/scripts/ScrollViewRendererCtrl.ts.
debug: Resolve file:///C:/D-Disk/cocos%20project/ScrollTest/assets/scripts/TestItemCreate.ts from cce:/internal/x/prerequisite-imports as file:///C:/D-Disk/cocos%20project/ScrollTest/assets/scripts/TestItemCreate.ts.
debug: Resolve file:///C:/D-Disk/cocos%20project/ScrollTest/assets/scripts/cc.ts from cce:/internal/x/prerequisite-imports as file:///C:/D-Disk/cocos%20project/ScrollTest/assets/scripts/cc.ts.
debug: Resolve file:///C:/D-Disk/cocos%20project/ScrollTest/assets/scripts/item3.ts from cce:/internal/x/prerequisite-imports as file:///C:/D-Disk/cocos%20project/ScrollTest/assets/scripts/item3.ts.
debug: Resolve file:///C:/D-Disk/cocos%20project/ScrollTest/assets/scripts/main.ts from cce:/internal/x/prerequisite-imports as file:///C:/D-Disk/cocos%20project/ScrollTest/assets/scripts/main.ts.
debug: Resolve file:///C:/ProgramData/cocos/editors/Creator/3.7.2/resources/resources/3d/engine/editor/assets/tools/debug-view-runtime-control.ts from cce:/internal/x/prerequisite-imports as file:///C:/ProgramData/cocos/editors/Creator/3.7.2/resources/resources/3d/engine/editor/assets/tools/debug-view-runtime-control.ts.
debug: Target(preview) ends with cost 66.92929999902844ms.
debug: Dispatch build request for time accumulated 2 asset changes.
debug: Build iteration starts.
Number of accumulated asset changes: 2
Feature changed: false
debug: Target(editor) build started.
debug: Detected change: cce:/internal/x/prerequisite-imports. Last mtime: Thu Jan 01 1970 09:35:16 GMT+0900 (日本標準時), Current mtime: Thu Jan 01 1970 09:35:21 GMT+0900 (日本標準時)
debug: Inspect cce:/internal/x/prerequisite-imports
debug: Resolve file:///C:/D-Disk/cocos%20project/ScrollTest/assets/scripts/ScrollViewPlusItem.ts from cce:/internal/x/prerequisite-imports as file:///C:/D-Disk/cocos%20project/ScrollTest/assets/scripts/ScrollViewPlusItem.ts.
debug: Resolve file:///C:/D-Disk/cocos%20project/ScrollTest/assets/scripts/ScrollViewRendererCtrl.ts from cce:/internal/x/prerequisite-imports as file:///C:/D-Disk/cocos%20project/ScrollTest/assets/scripts/ScrollViewRendererCtrl.ts.
debug: Resolve file:///C:/D-Disk/cocos%20project/ScrollTest/assets/scripts/TestItemCreate.ts from cce:/internal/x/prerequisite-imports as file:///C:/D-Disk/cocos%20project/ScrollTest/assets/scripts/TestItemCreate.ts.
debug: Resolve file:///C:/D-Disk/cocos%20project/ScrollTest/assets/scripts/cc.ts from cce:/internal/x/prerequisite-imports as file:///C:/D-Disk/cocos%20project/ScrollTest/assets/scripts/cc.ts.
debug: Resolve file:///C:/D-Disk/cocos%20project/ScrollTest/assets/scripts/item3.ts from cce:/internal/x/prerequisite-imports as file:///C:/D-Disk/cocos%20project/ScrollTest/assets/scripts/item3.ts.
debug: Resolve file:///C:/D-Disk/cocos%20project/ScrollTest/assets/scripts/main.ts from cce:/internal/x/prerequisite-imports as file:///C:/D-Disk/cocos%20project/ScrollTest/assets/scripts/main.ts.
debug: Resolve file:///C:/ProgramData/cocos/editors/Creator/3.7.2/resources/resources/3d/engine/editor/assets/tools/debug-view-runtime-control.ts from cce:/internal/x/prerequisite-imports as file:///C:/ProgramData/cocos/editors/Creator/3.7.2/resources/resources/3d/engine/editor/assets/tools/debug-view-runtime-control.ts.
debug: Target(editor) ends with cost 18.429299999028444ms.
debug: Target(preview) build started.
debug: Detected change: cce:/internal/x/prerequisite-imports. Last mtime: Thu Jan 01 1970 09:35:16 GMT+0900 (日本標準時), Current mtime: Thu Jan 01 1970 09:35:21 GMT+0900 (日本標準時)
debug: Inspect cce:/internal/x/prerequisite-imports
debug: Resolve file:///C:/D-Disk/cocos%20project/ScrollTest/assets/scripts/ScrollViewPlusItem.ts from cce:/internal/x/prerequisite-imports as file:///C:/D-Disk/cocos%20project/ScrollTest/assets/scripts/ScrollViewPlusItem.ts.
debug: Resolve file:///C:/D-Disk/cocos%20project/ScrollTest/assets/scripts/ScrollViewRendererCtrl.ts from cce:/internal/x/prerequisite-imports as file:///C:/D-Disk/cocos%20project/ScrollTest/assets/scripts/ScrollViewRendererCtrl.ts.
debug: Resolve file:///C:/D-Disk/cocos%20project/ScrollTest/assets/scripts/TestItemCreate.ts from cce:/internal/x/prerequisite-imports as file:///C:/D-Disk/cocos%20project/ScrollTest/assets/scripts/TestItemCreate.ts.
debug: Resolve file:///C:/D-Disk/cocos%20project/ScrollTest/assets/scripts/cc.ts from cce:/internal/x/prerequisite-imports as file:///C:/D-Disk/cocos%20project/ScrollTest/assets/scripts/cc.ts.
debug: Resolve file:///C:/D-Disk/cocos%20project/ScrollTest/assets/scripts/item3.ts from cce:/internal/x/prerequisite-imports as file:///C:/D-Disk/cocos%20project/ScrollTest/assets/scripts/item3.ts.
debug: Resolve file:///C:/D-Disk/cocos%20project/ScrollTest/assets/scripts/main.ts from cce:/internal/x/prerequisite-imports as file:///C:/D-Disk/cocos%20project/ScrollTest/assets/scripts/main.ts.
debug: Resolve file:///C:/ProgramData/cocos/editors/Creator/3.7.2/resources/resources/3d/engine/editor/assets/tools/debug-view-runtime-control.ts from cce:/internal/x/prerequisite-imports as file:///C:/ProgramData/cocos/editors/Creator/3.7.2/resources/resources/3d/engine/editor/assets/tools/debug-view-runtime-control.ts.
debug: Target(preview) ends with cost 17.840399999171495ms.
debug: Dispatch build request for time accumulated 1 asset changes.
debug: Build iteration starts.
Number of accumulated asset changes: 1
Feature changed: false
debug: Target(editor) build started.
debug: Detected change: cce:/internal/x/prerequisite-imports. Last mtime: Thu Jan 01 1970 09:35:21 GMT+0900 (日本標準時), Current mtime: Thu Jan 01 1970 09:35:30 GMT+0900 (日本標準時)
debug: Inspect cce:/internal/x/prerequisite-imports
debug: Resolve file:///C:/D-Disk/cocos%20project/ScrollTest/assets/scripts/ScrollViewPlus.ts from cce:/internal/x/prerequisite-imports as file:///C:/D-Disk/cocos%20project/ScrollTest/assets/scripts/ScrollViewPlus.ts.
debug: Inspect file:///C:/D-Disk/cocos%20project/ScrollTest/assets/scripts/ScrollViewPlus.ts
debug: Resolve cc from file:///C:/D-Disk/cocos%20project/ScrollTest/assets/scripts/ScrollViewPlus.ts as cce:/internal/x/cc.
debug: Resolve cc from file:///C:/D-Disk/cocos%20project/ScrollTest/assets/scripts/ScrollViewPlus.ts as cce:/internal/x/cc.
debug: Resolve cc from file:///C:/D-Disk/cocos%20project/ScrollTest/assets/scripts/ScrollViewPlus.ts as cce:/internal/x/cc.
debug: Resolve file:///C:/D-Disk/cocos%20project/ScrollTest/assets/scripts/ScrollViewPlusItem.ts from cce:/internal/x/prerequisite-imports as file:///C:/D-Disk/cocos%20project/ScrollTest/assets/scripts/ScrollViewPlusItem.ts.
debug: Resolve file:///C:/D-Disk/cocos%20project/ScrollTest/assets/scripts/ScrollViewRendererCtrl.ts from cce:/internal/x/prerequisite-imports as file:///C:/D-Disk/cocos%20project/ScrollTest/assets/scripts/ScrollViewRendererCtrl.ts.
debug: Resolve file:///C:/D-Disk/cocos%20project/ScrollTest/assets/scripts/TestItemCreate.ts from cce:/internal/x/prerequisite-imports as file:///C:/D-Disk/cocos%20project/ScrollTest/assets/scripts/TestItemCreate.ts.
debug: Resolve file:///C:/D-Disk/cocos%20project/ScrollTest/assets/scripts/cc.ts from cce:/internal/x/prerequisite-imports as file:///C:/D-Disk/cocos%20project/ScrollTest/assets/scripts/cc.ts.
debug: Resolve file:///C:/D-Disk/cocos%20project/ScrollTest/assets/scripts/item3.ts from cce:/internal/x/prerequisite-imports as file:///C:/D-Disk/cocos%20project/ScrollTest/assets/scripts/item3.ts.
debug: Resolve file:///C:/D-Disk/cocos%20project/ScrollTest/assets/scripts/main.ts from cce:/internal/x/prerequisite-imports as file:///C:/D-Disk/cocos%20project/ScrollTest/assets/scripts/main.ts.
debug: Resolve file:///C:/ProgramData/cocos/editors/Creator/3.7.2/resources/resources/3d/engine/editor/assets/tools/debug-view-runtime-control.ts from cce:/internal/x/prerequisite-imports as file:///C:/ProgramData/cocos/editors/Creator/3.7.2/resources/resources/3d/engine/editor/assets/tools/debug-view-runtime-control.ts.
debug: Target(editor) ends with cost 29.602600000798702ms.
debug: Target(preview) build started.
debug: Detected change: cce:/internal/x/prerequisite-imports. Last mtime: Thu Jan 01 1970 09:35:21 GMT+0900 (日本標準時), Current mtime: Thu Jan 01 1970 09:35:30 GMT+0900 (日本標準時)
debug: Inspect cce:/internal/x/prerequisite-imports
debug: Resolve file:///C:/D-Disk/cocos%20project/ScrollTest/assets/scripts/ScrollViewPlus.ts from cce:/internal/x/prerequisite-imports as file:///C:/D-Disk/cocos%20project/ScrollTest/assets/scripts/ScrollViewPlus.ts.
debug: Inspect file:///C:/D-Disk/cocos%20project/ScrollTest/assets/scripts/ScrollViewPlus.ts
debug: Resolve cc from file:///C:/D-Disk/cocos%20project/ScrollTest/assets/scripts/ScrollViewPlus.ts as cce:/internal/x/cc.
debug: Resolve cc from file:///C:/D-Disk/cocos%20project/ScrollTest/assets/scripts/ScrollViewPlus.ts as cce:/internal/x/cc.
debug: Resolve cc from file:///C:/D-Disk/cocos%20project/ScrollTest/assets/scripts/ScrollViewPlus.ts as cce:/internal/x/cc.
debug: Resolve file:///C:/D-Disk/cocos%20project/ScrollTest/assets/scripts/ScrollViewPlusItem.ts from cce:/internal/x/prerequisite-imports as file:///C:/D-Disk/cocos%20project/ScrollTest/assets/scripts/ScrollViewPlusItem.ts.
debug: Resolve file:///C:/D-Disk/cocos%20project/ScrollTest/assets/scripts/ScrollViewRendererCtrl.ts from cce:/internal/x/prerequisite-imports as file:///C:/D-Disk/cocos%20project/ScrollTest/assets/scripts/ScrollViewRendererCtrl.ts.
debug: Resolve file:///C:/D-Disk/cocos%20project/ScrollTest/assets/scripts/TestItemCreate.ts from cce:/internal/x/prerequisite-imports as file:///C:/D-Disk/cocos%20project/ScrollTest/assets/scripts/TestItemCreate.ts.
debug: Resolve file:///C:/D-Disk/cocos%20project/ScrollTest/assets/scripts/cc.ts from cce:/internal/x/prerequisite-imports as file:///C:/D-Disk/cocos%20project/ScrollTest/assets/scripts/cc.ts.
debug: Resolve file:///C:/D-Disk/cocos%20project/ScrollTest/assets/scripts/item3.ts from cce:/internal/x/prerequisite-imports as file:///C:/D-Disk/cocos%20project/ScrollTest/assets/scripts/item3.ts.
debug: Resolve file:///C:/D-Disk/cocos%20project/ScrollTest/assets/scripts/main.ts from cce:/internal/x/prerequisite-imports as file:///C:/D-Disk/cocos%20project/ScrollTest/assets/scripts/main.ts.
debug: Resolve file:///C:/ProgramData/cocos/editors/Creator/3.7.2/resources/resources/3d/engine/editor/assets/tools/debug-view-runtime-control.ts from cce:/internal/x/prerequisite-imports as file:///C:/ProgramData/cocos/editors/Creator/3.7.2/resources/resources/3d/engine/editor/assets/tools/debug-view-runtime-control.ts.
debug: Target(preview) ends with cost 29.31859999895096ms.
debug: Dispatch build request for time accumulated 3 asset changes.
debug: Build iteration starts.
Number of accumulated asset changes: 3
Feature changed: false
debug: Target(editor) build started.
debug: Detected change: cce:/internal/x/prerequisite-imports. Last mtime: Thu Jan 01 1970 09:35:30 GMT+0900 (日本標準時), Current mtime: Thu Jan 01 1970 09:54:55 GMT+0900 (日本標準時)
debug: Inspect cce:/internal/x/prerequisite-imports
debug: Resolve file:///C:/D-Disk/cocos%20project/ScrollTest/assets/scripts/ScrollViewPlus.ts from cce:/internal/x/prerequisite-imports as file:///C:/D-Disk/cocos%20project/ScrollTest/assets/scripts/ScrollViewPlus.ts.
debug: Detected change: file:///C:/D-Disk/cocos%20project/ScrollTest/assets/scripts/ScrollViewPlus.ts. Last mtime: Sun Aug 04 2024 20:38:41 GMT+0900 (日本標準時)@c93a8a12-639e-4759-9b20-5f29d2531697, Current mtime: Sun Aug 04 2024 20:48:48 GMT+0900 (日本標準時)@c93a8a12-639e-4759-9b20-5f29d2531697
debug: Inspect file:///C:/D-Disk/cocos%20project/ScrollTest/assets/scripts/ScrollViewPlus.ts
debug: Resolve cce:/internal/code-quality/cr.mjs from file:///C:/D-Disk/cocos%20project/ScrollTest/assets/scripts/ScrollViewPlus.ts as cce:/internal/code-quality/cr.mjs.
debug: Resolve cc from file:///C:/D-Disk/cocos%20project/ScrollTest/assets/scripts/ScrollViewPlus.ts as cce:/internal/x/cc.
debug: Resolve cc from file:///C:/D-Disk/cocos%20project/ScrollTest/assets/scripts/ScrollViewPlus.ts as cce:/internal/x/cc.
debug: Resolve cc from file:///C:/D-Disk/cocos%20project/ScrollTest/assets/scripts/ScrollViewPlus.ts as cce:/internal/x/cc.
debug: Resolve ./ScrollViewPlusItem from file:///C:/D-Disk/cocos%20project/ScrollTest/assets/scripts/ScrollViewPlus.ts as file:///C:/D-Disk/cocos%20project/ScrollTest/assets/scripts/ScrollViewPlusItem.ts.
debug: Resolve file:///C:/D-Disk/cocos%20project/ScrollTest/assets/scripts/ScrollViewPlusItem.ts from cce:/internal/x/prerequisite-imports as file:///C:/D-Disk/cocos%20project/ScrollTest/assets/scripts/ScrollViewPlusItem.ts.
debug: Resolve file:///C:/D-Disk/cocos%20project/ScrollTest/assets/scripts/ScrollViewRendererCtrl.ts from cce:/internal/x/prerequisite-imports as file:///C:/D-Disk/cocos%20project/ScrollTest/assets/scripts/ScrollViewRendererCtrl.ts.
debug: Detected change: file:///C:/D-Disk/cocos%20project/ScrollTest/assets/scripts/ScrollViewRendererCtrl.ts. Last mtime: Sun Aug 04 2024 17:52:54 GMT+0900 (日本標準時)@f4dd3cc4-be7f-4a30-a7cb-d2059f224700, Current mtime: Sun Aug 04 2024 20:54:28 GMT+0900 (日本標準時)@f4dd3cc4-be7f-4a30-a7cb-d2059f224700
debug: Inspect file:///C:/D-Disk/cocos%20project/ScrollTest/assets/scripts/ScrollViewRendererCtrl.ts
debug: Resolve cc from file:///C:/D-Disk/cocos%20project/ScrollTest/assets/scripts/ScrollViewRendererCtrl.ts as cce:/internal/x/cc.
debug: Resolve cc from file:///C:/D-Disk/cocos%20project/ScrollTest/assets/scripts/ScrollViewRendererCtrl.ts as cce:/internal/x/cc.
debug: Resolve cc from file:///C:/D-Disk/cocos%20project/ScrollTest/assets/scripts/ScrollViewRendererCtrl.ts as cce:/internal/x/cc.
debug: Resolve file:///C:/D-Disk/cocos%20project/ScrollTest/assets/scripts/TestItemCreate.ts from cce:/internal/x/prerequisite-imports as file:///C:/D-Disk/cocos%20project/ScrollTest/assets/scripts/TestItemCreate.ts.
debug: Detected change: file:///C:/D-Disk/cocos%20project/ScrollTest/assets/scripts/item3.ts. Last mtime: Sun Aug 04 2024 17:56:22 GMT+0900 (日本標準時)@7e51293a-211a-48dc-bb9d-0da54df674a2, Current mtime: Sun Aug 04 2024 20:52:42 GMT+0900 (日本標準時)@7e51293a-211a-48dc-bb9d-0da54df674a2
debug: Inspect file:///C:/D-Disk/cocos%20project/ScrollTest/assets/scripts/item3.ts
debug: Resolve cc from file:///C:/D-Disk/cocos%20project/ScrollTest/assets/scripts/item3.ts as cce:/internal/x/cc.
debug: Resolve cc from file:///C:/D-Disk/cocos%20project/ScrollTest/assets/scripts/item3.ts as cce:/internal/x/cc.
debug: Resolve cc from file:///C:/D-Disk/cocos%20project/ScrollTest/assets/scripts/item3.ts as cce:/internal/x/cc.
debug: Resolve file:///C:/D-Disk/cocos%20project/ScrollTest/assets/scripts/cc.ts from cce:/internal/x/prerequisite-imports as file:///C:/D-Disk/cocos%20project/ScrollTest/assets/scripts/cc.ts.
debug: Resolve file:///C:/D-Disk/cocos%20project/ScrollTest/assets/scripts/item3.ts from cce:/internal/x/prerequisite-imports as file:///C:/D-Disk/cocos%20project/ScrollTest/assets/scripts/item3.ts.
debug: Resolve file:///C:/D-Disk/cocos%20project/ScrollTest/assets/scripts/main.ts from cce:/internal/x/prerequisite-imports as file:///C:/D-Disk/cocos%20project/ScrollTest/assets/scripts/main.ts.
debug: Resolve file:///C:/ProgramData/cocos/editors/Creator/3.7.2/resources/resources/3d/engine/editor/assets/tools/debug-view-runtime-control.ts from cce:/internal/x/prerequisite-imports as file:///C:/ProgramData/cocos/editors/Creator/3.7.2/resources/resources/3d/engine/editor/assets/tools/debug-view-runtime-control.ts.
debug: Target(editor) ends with cost 136.85000000149012ms.
debug: Target(preview) build started.
debug: Detected change: cce:/internal/x/prerequisite-imports. Last mtime: Thu Jan 01 1970 09:35:30 GMT+0900 (日本標準時), Current mtime: Thu Jan 01 1970 09:54:55 GMT+0900 (日本標準時)
debug: Inspect cce:/internal/x/prerequisite-imports
debug: Resolve file:///C:/D-Disk/cocos%20project/ScrollTest/assets/scripts/ScrollViewPlus.ts from cce:/internal/x/prerequisite-imports as file:///C:/D-Disk/cocos%20project/ScrollTest/assets/scripts/ScrollViewPlus.ts.
debug: Detected change: file:///C:/D-Disk/cocos%20project/ScrollTest/assets/scripts/ScrollViewPlus.ts. Last mtime: Sun Aug 04 2024 20:38:41 GMT+0900 (日本標準時)@c93a8a12-639e-4759-9b20-5f29d2531697, Current mtime: Sun Aug 04 2024 20:48:48 GMT+0900 (日本標準時)@c93a8a12-639e-4759-9b20-5f29d2531697
debug: Inspect file:///C:/D-Disk/cocos%20project/ScrollTest/assets/scripts/ScrollViewPlus.ts
debug: Resolve cce:/internal/code-quality/cr.mjs from file:///C:/D-Disk/cocos%20project/ScrollTest/assets/scripts/ScrollViewPlus.ts as cce:/internal/code-quality/cr.mjs.
debug: Resolve cc from file:///C:/D-Disk/cocos%20project/ScrollTest/assets/scripts/ScrollViewPlus.ts as cce:/internal/x/cc.
debug: Resolve cc from file:///C:/D-Disk/cocos%20project/ScrollTest/assets/scripts/ScrollViewPlus.ts as cce:/internal/x/cc.
debug: Resolve cc from file:///C:/D-Disk/cocos%20project/ScrollTest/assets/scripts/ScrollViewPlus.ts as cce:/internal/x/cc.
debug: Resolve ./ScrollViewPlusItem from file:///C:/D-Disk/cocos%20project/ScrollTest/assets/scripts/ScrollViewPlus.ts as file:///C:/D-Disk/cocos%20project/ScrollTest/assets/scripts/ScrollViewPlusItem.ts.
debug: Resolve file:///C:/D-Disk/cocos%20project/ScrollTest/assets/scripts/ScrollViewPlusItem.ts from cce:/internal/x/prerequisite-imports as file:///C:/D-Disk/cocos%20project/ScrollTest/assets/scripts/ScrollViewPlusItem.ts.
debug: Resolve file:///C:/D-Disk/cocos%20project/ScrollTest/assets/scripts/ScrollViewRendererCtrl.ts from cce:/internal/x/prerequisite-imports as file:///C:/D-Disk/cocos%20project/ScrollTest/assets/scripts/ScrollViewRendererCtrl.ts.
debug: Detected change: file:///C:/D-Disk/cocos%20project/ScrollTest/assets/scripts/ScrollViewRendererCtrl.ts. Last mtime: Sun Aug 04 2024 17:52:54 GMT+0900 (日本標準時)@f4dd3cc4-be7f-4a30-a7cb-d2059f224700, Current mtime: Sun Aug 04 2024 20:54:28 GMT+0900 (日本標準時)@f4dd3cc4-be7f-4a30-a7cb-d2059f224700
debug: Inspect file:///C:/D-Disk/cocos%20project/ScrollTest/assets/scripts/ScrollViewRendererCtrl.ts
debug: Resolve cc from file:///C:/D-Disk/cocos%20project/ScrollTest/assets/scripts/ScrollViewRendererCtrl.ts as cce:/internal/x/cc.
debug: Resolve cc from file:///C:/D-Disk/cocos%20project/ScrollTest/assets/scripts/ScrollViewRendererCtrl.ts as cce:/internal/x/cc.
debug: Resolve cc from file:///C:/D-Disk/cocos%20project/ScrollTest/assets/scripts/ScrollViewRendererCtrl.ts as cce:/internal/x/cc.
debug: Resolve file:///C:/D-Disk/cocos%20project/ScrollTest/assets/scripts/TestItemCreate.ts from cce:/internal/x/prerequisite-imports as file:///C:/D-Disk/cocos%20project/ScrollTest/assets/scripts/TestItemCreate.ts.
debug: Detected change: file:///C:/D-Disk/cocos%20project/ScrollTest/assets/scripts/item3.ts. Last mtime: Sun Aug 04 2024 17:56:22 GMT+0900 (日本標準時)@7e51293a-211a-48dc-bb9d-0da54df674a2, Current mtime: Sun Aug 04 2024 20:52:42 GMT+0900 (日本標準時)@7e51293a-211a-48dc-bb9d-0da54df674a2
debug: Inspect file:///C:/D-Disk/cocos%20project/ScrollTest/assets/scripts/item3.ts
debug: Resolve cc from file:///C:/D-Disk/cocos%20project/ScrollTest/assets/scripts/item3.ts as cce:/internal/x/cc.
debug: Resolve cc from file:///C:/D-Disk/cocos%20project/ScrollTest/assets/scripts/item3.ts as cce:/internal/x/cc.
debug: Resolve cc from file:///C:/D-Disk/cocos%20project/ScrollTest/assets/scripts/item3.ts as cce:/internal/x/cc.
debug: Resolve file:///C:/D-Disk/cocos%20project/ScrollTest/assets/scripts/cc.ts from cce:/internal/x/prerequisite-imports as file:///C:/D-Disk/cocos%20project/ScrollTest/assets/scripts/cc.ts.
debug: Resolve file:///C:/D-Disk/cocos%20project/ScrollTest/assets/scripts/item3.ts from cce:/internal/x/prerequisite-imports as file:///C:/D-Disk/cocos%20project/ScrollTest/assets/scripts/item3.ts.
debug: Resolve file:///C:/D-Disk/cocos%20project/ScrollTest/assets/scripts/main.ts from cce:/internal/x/prerequisite-imports as file:///C:/D-Disk/cocos%20project/ScrollTest/assets/scripts/main.ts.
debug: Resolve file:///C:/ProgramData/cocos/editors/Creator/3.7.2/resources/resources/3d/engine/editor/assets/tools/debug-view-runtime-control.ts from cce:/internal/x/prerequisite-imports as file:///C:/ProgramData/cocos/editors/Creator/3.7.2/resources/resources/3d/engine/editor/assets/tools/debug-view-runtime-control.ts.
debug: Target(preview) ends with cost 172.08720000088215ms.
